<?xml version="1.0" encoding="UTF-8"?>
<testsuite xmlns:xsi="http://www.w3.org/2001/XMLSchema-instance" xsi:noNamespaceSchemaLocation="https://maven.apache.org/surefire/maven-surefire-plugin/xsd/surefire-test-report.xsd" version="3.0.1" name="com.fajdev.TaskTracker.TaskTrackerTest" time="0.14" tests="7" errors="0" skipped="0" failures="0">
  <properties>
    <property name="java.specification.version" value="21"/>
    <property name="sun.cpu.isalist" value="amd64"/>
    <property name="sun.jnu.encoding" value="Cp1252"/>
    <property name="java.class.path" value="C:\Users\10598925708\environments\Roadmap.sh-projects\java\TaskTracker\target\test-classes;C:\Users\10598925708\environments\Roadmap.sh-projects\java\TaskTracker\target\classes;C:\Users\10598925708\.m2\repository\org\json\json\20240303\json-20240303.jar;C:\Users\10598925708\.m2\repository\org\slf4j\slf4j-api\2.0.16\slf4j-api-2.0.16.jar;C:\Users\10598925708\.m2\repository\org\junit\jupiter\junit-jupiter-api\5.11.0\junit-jupiter-api-5.11.0.jar;C:\Users\10598925708\.m2\repository\org\opentest4j\opentest4j\1.3.0\opentest4j-1.3.0.jar;C:\Users\10598925708\.m2\repository\org\junit\platform\junit-platform-commons\1.11.0\junit-platform-commons-1.11.0.jar;C:\Users\10598925708\.m2\repository\org\apiguardian\apiguardian-api\1.1.2\apiguardian-api-1.1.2.jar;C:\Users\10598925708\.m2\repository\org\junit\jupiter\junit-jupiter-params\5.11.0\junit-jupiter-params-5.11.0.jar;"/>
    <property name="java.vm.vendor" value="Amazon.com Inc."/>
    <property name="sun.arch.data.model" value="64"/>
    <property name="user.variant" value=""/>
    <property name="java.vendor.url" value="https://aws.amazon.com/corretto/"/>
    <property name="user.timezone" value="America/Sao_Paulo"/>
    <property name="os.name" value="Windows 10"/>
    <property name="java.vm.specification.version" value="21"/>
    <property name="sun.java.launcher" value="SUN_STANDARD"/>
    <property name="user.country" value="BR"/>
    <property name="sun.boot.library.path" value="C:\Program Files\Amazon Corretto\jdk21.0.2_13\bin"/>
    <property name="sun.java.command" value="C:\Users\10598925708\AppData\Local\Temp\surefire15659820023864412259\surefirebooter-20240925162831108_3.jar C:\Users\10598925708\AppData\Local\Temp\surefire15659820023864412259 2024-09-25T16-28-30_931-jvmRun1 surefire-20240925162831108_1tmp surefire_0-20240925162831108_2tmp"/>
    <property name="jdk.debug" value="release"/>
    <property name="surefire.test.class.path" value="C:\Users\10598925708\environments\Roadmap.sh-projects\java\TaskTracker\target\test-classes;C:\Users\10598925708\environments\Roadmap.sh-projects\java\TaskTracker\target\classes;C:\Users\10598925708\.m2\repository\org\json\json\20240303\json-20240303.jar;C:\Users\10598925708\.m2\repository\org\slf4j\slf4j-api\2.0.16\slf4j-api-2.0.16.jar;C:\Users\10598925708\.m2\repository\org\junit\jupiter\junit-jupiter-api\5.11.0\junit-jupiter-api-5.11.0.jar;C:\Users\10598925708\.m2\repository\org\opentest4j\opentest4j\1.3.0\opentest4j-1.3.0.jar;C:\Users\10598925708\.m2\repository\org\junit\platform\junit-platform-commons\1.11.0\junit-platform-commons-1.11.0.jar;C:\Users\10598925708\.m2\repository\org\apiguardian\apiguardian-api\1.1.2\apiguardian-api-1.1.2.jar;C:\Users\10598925708\.m2\repository\org\junit\jupiter\junit-jupiter-params\5.11.0\junit-jupiter-params-5.11.0.jar;"/>
    <property name="sun.cpu.endian" value="little"/>
    <property name="user.home" value="C:\Users\10598925708"/>
    <property name="user.language" value="pt"/>
    <property name="java.specification.vendor" value="Oracle Corporation"/>
    <property name="java.version.date" value="2024-01-16"/>
    <property name="java.home" value="C:\Program Files\Amazon Corretto\jdk21.0.2_13"/>
    <property name="file.separator" value="\"/>
    <property name="basedir" value="C:\Users\10598925708\environments\Roadmap.sh-projects\java\TaskTracker"/>
    <property name="java.vm.compressedOopsMode" value="32-bit"/>
    <property name="line.separator" value="&#10;"/>
    <property name="java.vm.specification.vendor" value="Oracle Corporation"/>
    <property name="java.specification.name" value="Java Platform API Specification"/>
    <property name="surefire.real.class.path" value="C:\Users\10598925708\AppData\Local\Temp\surefire15659820023864412259\surefirebooter-20240925162831108_3.jar"/>
    <property name="user.script" value=""/>
    <property name="sun.management.compiler" value="HotSpot 64-Bit Tiered Compilers"/>
    <property name="java.runtime.version" value="21.0.2+13-LTS"/>
    <property name="user.name" value="10598925708"/>
    <property name="stdout.encoding" value="Cp1252"/>
    <property name="path.separator" value=";"/>
    <property name="os.version" value="10.0"/>
    <property name="java.runtime.name" value="OpenJDK Runtime Environment"/>
    <property name="file.encoding" value="UTF-8"/>
    <property name="java.vm.name" value="OpenJDK 64-Bit Server VM"/>
    <property name="java.vendor.version" value="Corretto-21.0.2.13.1"/>
    <property name="localRepository" value="C:\Users\10598925708\.m2\repository"/>
    <property name="java.vendor.url.bug" value="https://github.com/corretto/corretto-21/issues/"/>
    <property name="java.io.tmpdir" value="C:\Users\105989~1\AppData\Local\Temp\"/>
    <property name="java.version" value="21.0.2"/>
    <property name="user.dir" value="C:\Users\10598925708\environments\Roadmap.sh-projects\java\TaskTracker"/>
    <property name="os.arch" value="amd64"/>
    <property name="java.vm.specification.name" value="Java Virtual Machine Specification"/>
    <property name="sun.os.patch.level" value=""/>
    <property name="native.encoding" value="Cp1252"/>
    <property name="java.library.path" value="C:\Program Files\Amazon Corretto\jdk21.0.2_13\bin;C:\Windows\Sun\Java\bin;C:\Windows\system32;C:\Windows;C:\Program Files\Amazon Corretto\jdk21.0.2_13\bin;C:\Program Files\Amazon Corretto\jdk17.0.5_8\bin;C:\Windows\system32;C:\Windows;C:\Windows\System32\Wbem;C:\Windows\System32\WindowsPowerShell\v1.0\;C:\Windows\System32\OpenSSH\;C:\Program Files\nodejs\;C:\Users\10598925708\scoop\shims;C:\Users\10598925708\AppData\Local\Microsoft\WindowsApps;C:\Users\10598925708\AppData\Local\Programs\Microsoft VS Code\bin;C:\Program Files\heroku\bin;C:\Users\10598925708\AppData\Local\JetBrains\IntelliJ IDEA Community Edition 2022.3.2\bin;;C:\minikube;C:\Users\10598925708\AppData\Roaming\nvm;C:\Users\10598925708\AppData\Local\apache-maven-3.9.9\bin;C:\Users\10598925708\AppData\Roaming\npm;C:\Users\10598925708\AppData\Local\JetBrains\IntelliJ IDEA 2024.2.2\bin;;C:\Users\10598925708\AppData\Local\Programs\Git\cmd;;."/>
    <property name="java.vm.info" value="mixed mode, sharing"/>
    <property name="stderr.encoding" value="Cp1252"/>
    <property name="java.vendor" value="Amazon.com Inc."/>
    <property name="java.vm.version" value="21.0.2+13-LTS"/>
    <property name="sun.io.unicode.encoding" value="UnicodeLittle"/>
    <property name="java.class.version" value="65.0"/>
  </properties>
  <testcase name="testMainWithAddCommandAndNoTaskName" classname="com.fajdev.TaskTracker.TaskTrackerTest" time="0.021">
    <system-err><![CDATA[SLF4J(W): No SLF4J providers were found.
SLF4J(W): Defaulting to no-operation (NOP) logger implementation
SLF4J(W): See https://www.slf4j.org/codes.html#noProviders for further details.
]]></system-err>
  </testcase>
  <testcase name="testMainWithoutArgs" classname="com.fajdev.TaskTracker.TaskTrackerTest" time="0.002"/>
  <testcase name="testMainWithUpdateCommandAndIDButNoStatus" classname="com.fajdev.TaskTracker.TaskTrackerTest" time="0.001"/>
  <testcase name="testMainWithInvalidCommand" classname="com.fajdev.TaskTracker.TaskTrackerTest" time="0.001"/>
  <testcase name="testMainWithUpdateCommandAndNoIDOrStatus" classname="com.fajdev.TaskTracker.TaskTrackerTest" time="0.001"/>
  <testcase name="testMainWithDeleteCommandAndNoID" classname="com.fajdev.TaskTracker.TaskTrackerTest" time="0.001"/>
  <testcase name="testMainWithAddCommandAndTaskName" classname="com.fajdev.TaskTracker.TaskTrackerTest" time="0.059"/>
</testsuite>